<?xml version="1.0" encoding="UTF-8"?>
<!-- Generated by org.testng.reporters.JUnitReportReporter -->
<testsuite hostname="Pranav" failures="0" tests="1" name="Cucumber.TestNGTestRunner" time="16.376" errors="0" timestamp="2024-10-07T18:10:30 IST" skipped="0">
  <testcase classname="Cucumber.TestNGTestRunner" name="runScenario" time="16.376"/>
</testsuite> <!-- Cucumber.TestNGTestRunner -->
