<?xml version="1.0" encoding="UTF-8"?>
<!-- Generated by org.testng.reporters.JUnitReportReporter -->
<testsuite hostname="Pranav" failures="0" tests="3" name="rahulshettyacademy.tests.SubmitOrderTest" time="36.970" errors="0" timestamp="2024-10-07T18:20:42 IST" skipped="0">
  <testcase classname="rahulshettyacademy.tests.SubmitOrderTest" name="submitOrder" time="14.510"/>
  <testcase classname="rahulshettyacademy.tests.SubmitOrderTest" name="submitOrder" time="12.763"/>
  <testcase classname="rahulshettyacademy.tests.SubmitOrderTest" name="OrderHistoryTest" time="9.697"/>
</testsuite> <!-- rahulshettyacademy.tests.SubmitOrderTest -->
