<?xml version="1.0" encoding="UTF-8"?>
<!-- Generated by org.testng.reporters.JUnitReportReporter -->
<testsuite hostname="Pranav" failures="0" tests="1" name="Cucumber.TestNGTestRunner" time="14.313" errors="0" timestamp="2024-10-07T18:24:08 IST" skipped="0">
  <testcase classname="Cucumber.TestNGTestRunner" name="runScenario" time="14.313"/>
</testsuite> <!-- Cucumber.TestNGTestRunner -->
